<?xml version="1.0" encoding="UTF-8"?>
<testng-results ignored="0" total="4" passed="4" failed="0" skipped="0">
  <reporter-output>
  </reporter-output>
  <suite started-at="2024-01-25T16:35:27 IST" name="UserTests" finished-at="2024-01-25T16:35:36 IST" duration-ms="9035">
    <groups>
    </groups>
    <test started-at="2024-01-25T16:35:27 IST" name="PetTests" finished-at="2024-01-25T16:35:36 IST" duration-ms="9035">
      <class name="api.test.UserTests2">
        <test-method is-config="true" signature="setupData()[pri:0, instance:api.test.UserTests2@2ef3eef9]" started-at="2024-01-25T16:35:28 IST" name="setupData" finished-at="2024-01-25T16:35:28 IST" duration-ms="585" status="PASS">
          <reporter-output>
          </reporter-output>
        </test-method> <!-- setupData -->
        <test-method signature="testPostUser()[pri:1, instance:api.test.UserTests2@2ef3eef9]" started-at="2024-01-25T16:35:28 IST" name="testPostUser" finished-at="2024-01-25T16:35:31 IST" duration-ms="2716" status="PASS">
          <reporter-output>
          </reporter-output>
        </test-method> <!-- testPostUser -->
        <test-method signature="testGetUserByName()[pri:2, instance:api.test.UserTests2@2ef3eef9]" started-at="2024-01-25T16:35:31 IST" name="testGetUserByName" finished-at="2024-01-25T16:35:32 IST" duration-ms="1341" status="PASS">
          <reporter-output>
          </reporter-output>
        </test-method> <!-- testGetUserByName -->
        <test-method signature="DeleteUserByName()[pri:3, instance:api.test.UserTests2@2ef3eef9]" started-at="2024-01-25T16:35:32 IST" name="DeleteUserByName" finished-at="2024-01-25T16:35:34 IST" duration-ms="1251" status="PASS">
          <reporter-output>
          </reporter-output>
        </test-method> <!-- DeleteUserByName -->
        <test-method signature="testUpdateUserByName()[pri:3, instance:api.test.UserTests2@2ef3eef9]" started-at="2024-01-25T16:35:34 IST" name="testUpdateUserByName" finished-at="2024-01-25T16:35:36 IST" duration-ms="2930" status="PASS">
          <reporter-output>
          </reporter-output>
        </test-method> <!-- testUpdateUserByName -->
      </class> <!-- api.test.UserTests2 -->
    </test> <!-- PetTests -->
  </suite> <!-- UserTests -->
</testng-results>
