<?xml version="1.0" encoding="UTF-8"?>
<!-- Generated by org.testng.reporters.JUnitXMLReporter -->
<testsuite ignored="0" hostname="MJ_PC" failures="0" tests="4" name="PetTests" time="9.035" errors="0" timestamp="2024-01-25T16:35:37 IST">
  <testcase classname="api.test.UserTests2" name="testPostUser" time="2.716"/>
  <testcase classname="api.test.UserTests2" name="testGetUserByName" time="1.341"/>
  <testcase classname="api.test.UserTests2" name="DeleteUserByName" time="1.251"/>
  <testcase classname="api.test.UserTests2" name="testUpdateUserByName" time="2.93"/>
</testsuite> <!-- PetTests -->
